Grammar

    0 $accept: file $end

    1 file: record file
    2     | record

    3 record: NAME EQ AGE


Terminals, with rules where they appear

$end (0) 0
error (256)
NAME (258) 3
EQ (259) 3
AGE (260) 3


Nonterminals, with rules where they appear

$accept (6)
    on left: 0
file (7)
    on left: 1 2, on right: 0 1
record (8)
    on left: 3, on right: 1 2


State 0

    0 $accept: . file $end

    NAME  shift, and go to state 1

    file    go to state 2
    record  go to state 3


State 1

    3 record: NAME . EQ AGE

    EQ  shift, and go to state 4


State 2

    0 $accept: file . $end

    $end  shift, and go to state 5


State 3

    1 file: record . file
    2     | record .

    NAME  shift, and go to state 1

    $default  reduce using rule 2 (file)

    file    go to state 6
    record  go to state 3


State 4

    3 record: NAME EQ . AGE

    AGE  shift, and go to state 7


State 5

    0 $accept: file $end .

    $default  accept


State 6

    1 file: record file .

    $default  reduce using rule 1 (file)


State 7

    3 record: NAME EQ AGE .

    $default  reduce using rule 3 (record)
